INFO: [VRFC 10-2263] Analyzing Verilog file "P:/CS214-Computer-Organization/CS214-Computer-Organization-Project/verilog/verilog.sim/sim_1/synth/timing/xsim/cpu_sim_time_synth.v" into library xil_defaultlib
INFO: [VRFC 10-311] analyzing module Ifetc32_Uart
INFO: [VRFC 10-311] analyzing module ProgramROM_UART
INFO: [VRFC 10-311] analyzing module RAM
INFO: [VRFC 10-311] analyzing module clkout_cpu
INFO: [VRFC 10-311] analyzing module clkout_upg
INFO: [VRFC 10-311] analyzing module cpu
INFO: [VRFC 10-311] analyzing module decode32
INFO: [VRFC 10-311] analyzing module dmem32_uart
INFO: [VRFC 10-311] analyzing module keyboard
INFO: [VRFC 10-311] analyzing module leds
INFO: [VRFC 10-311] analyzing module prgrom
INFO: [VRFC 10-311] analyzing module show
INFO: [VRFC 10-311] analyzing module switchs
INFO: [VRFC 10-311] analyzing module uart_bmpg_0
INFO: [VRFC 10-311] analyzing module uart_bmpg_0__axi_uart
INFO: [VRFC 10-311] analyzing module uart_bmpg_0__axi_uart_address_decoder
INFO: [VRFC 10-311] analyzing module uart_bmpg_0__axi_uart_axi_lite_ipif
INFO: [VRFC 10-311] analyzing module uart_bmpg_0__axi_uart_axi_uartlite
INFO: [VRFC 10-311] analyzing module uart_bmpg_0__axi_uart_baudrate
INFO: [VRFC 10-311] analyzing module uart_bmpg_0__axi_uart_cdc_sync
INFO: [VRFC 10-311] analyzing module uart_bmpg_0__axi_uart_cntr_incr_decr_addn_f
INFO: [VRFC 10-311] analyzing module uart_bmpg_0__axi_uart_cntr_incr_decr_addn_f_2
INFO: [VRFC 10-311] analyzing module uart_bmpg_0__axi_uart_dynshreg_f
INFO: [VRFC 10-311] analyzing module uart_bmpg_0__axi_uart_dynshreg_f_3
INFO: [VRFC 10-311] analyzing module uart_bmpg_0__axi_uart_dynshreg_i_f
INFO: [VRFC 10-311] analyzing module uart_bmpg_0__axi_uart_dynshreg_i_f__parameterized0
INFO: [VRFC 10-311] analyzing module uart_bmpg_0__axi_uart_pselect_f
INFO: [VRFC 10-311] analyzing module uart_bmpg_0__axi_uart_pselect_f__parameterized1
INFO: [VRFC 10-311] analyzing module uart_bmpg_0__axi_uart_slave_attachment
INFO: [VRFC 10-311] analyzing module uart_bmpg_0__axi_uart_srl_fifo_f
INFO: [VRFC 10-311] analyzing module uart_bmpg_0__axi_uart_srl_fifo_f_0
INFO: [VRFC 10-311] analyzing module uart_bmpg_0__axi_uart_srl_fifo_rbu_f
INFO: [VRFC 10-311] analyzing module uart_bmpg_0__axi_uart_srl_fifo_rbu_f_1
INFO: [VRFC 10-311] analyzing module uart_bmpg_0__axi_uart_uartlite_core
INFO: [VRFC 10-311] analyzing module uart_bmpg_0__axi_uart_uartlite_rx
INFO: [VRFC 10-311] analyzing module uart_bmpg_0__axi_uart_uartlite_tx
INFO: [VRFC 10-311] analyzing module uart_bmpg_0__uart_bmpg
INFO: [VRFC 10-311] analyzing module uart_bmpg_0__upg
INFO: [VRFC 10-311] analyzing module RAM__bindec
INFO: [VRFC 10-311] analyzing module RAM__blk_mem_gen_generic_cstr
INFO: [VRFC 10-311] analyzing module RAM__blk_mem_gen_mux
INFO: [VRFC 10-311] analyzing module RAM__blk_mem_gen_prim_width
INFO: [VRFC 10-311] analyzing module RAM__blk_mem_gen_prim_width__parameterized0
INFO: [VRFC 10-311] analyzing module RAM__blk_mem_gen_prim_width__parameterized1
INFO: [VRFC 10-311] analyzing module RAM__blk_mem_gen_prim_width__parameterized10
INFO: [VRFC 10-311] analyzing module RAM__blk_mem_gen_prim_width__parameterized11
INFO: [VRFC 10-311] analyzing module RAM__blk_mem_gen_prim_width__parameterized12
INFO: [VRFC 10-311] analyzing module RAM__blk_mem_gen_prim_width__parameterized13
INFO: [VRFC 10-311] analyzing module RAM__blk_mem_gen_prim_width__parameterized2
INFO: [VRFC 10-311] analyzing module RAM__blk_mem_gen_prim_width__parameterized3
INFO: [VRFC 10-311] analyzing module RAM__blk_mem_gen_prim_width__parameterized4
INFO: [VRFC 10-311] analyzing module RAM__blk_mem_gen_prim_width__parameterized5
INFO: [VRFC 10-311] analyzing module RAM__blk_mem_gen_prim_width__parameterized6
INFO: [VRFC 10-311] analyzing module RAM__blk_mem_gen_prim_width__parameterized7
INFO: [VRFC 10-311] analyzing module RAM__blk_mem_gen_prim_width__parameterized8
INFO: [VRFC 10-311] analyzing module RAM__blk_mem_gen_prim_width__parameterized9
INFO: [VRFC 10-311] analyzing module RAM__blk_mem_gen_prim_wrapper_init
INFO: [VRFC 10-311] analyzing module RAM__blk_mem_gen_prim_wrapper_init__parameterized0
INFO: [VRFC 10-311] analyzing module RAM__blk_mem_gen_prim_wrapper_init__parameterized1
INFO: [VRFC 10-311] analyzing module RAM__blk_mem_gen_prim_wrapper_init__parameterized10
INFO: [VRFC 10-311] analyzing module RAM__blk_mem_gen_prim_wrapper_init__parameterized11
INFO: [VRFC 10-311] analyzing module RAM__blk_mem_gen_prim_wrapper_init__parameterized12
INFO: [VRFC 10-311] analyzing module RAM__blk_mem_gen_prim_wrapper_init__parameterized13
INFO: [VRFC 10-311] analyzing module RAM__blk_mem_gen_prim_wrapper_init__parameterized2
INFO: [VRFC 10-311] analyzing module RAM__blk_mem_gen_prim_wrapper_init__parameterized3
INFO: [VRFC 10-311] analyzing module RAM__blk_mem_gen_prim_wrapper_init__parameterized4
INFO: [VRFC 10-311] analyzing module RAM__blk_mem_gen_prim_wrapper_init__parameterized5
INFO: [VRFC 10-311] analyzing module RAM__blk_mem_gen_prim_wrapper_init__parameterized6
INFO: [VRFC 10-311] analyzing module RAM__blk_mem_gen_prim_wrapper_init__parameterized7
INFO: [VRFC 10-311] analyzing module RAM__blk_mem_gen_prim_wrapper_init__parameterized8
INFO: [VRFC 10-311] analyzing module RAM__blk_mem_gen_prim_wrapper_init__parameterized9
INFO: [VRFC 10-311] analyzing module RAM__blk_mem_gen_top
INFO: [VRFC 10-311] analyzing module RAM__blk_mem_gen_v8_4_1
INFO: [VRFC 10-311] analyzing module RAM__blk_mem_gen_v8_4_1_synth
INFO: [VRFC 10-311] analyzing module prgrom__bindec
INFO: [VRFC 10-311] analyzing module prgrom__blk_mem_gen_generic_cstr
INFO: [VRFC 10-311] analyzing module prgrom__blk_mem_gen_mux
INFO: [VRFC 10-311] analyzing module prgrom__blk_mem_gen_prim_width
INFO: [VRFC 10-311] analyzing module prgrom__blk_mem_gen_prim_width__parameterized0
INFO: [VRFC 10-311] analyzing module prgrom__blk_mem_gen_prim_width__parameterized1
INFO: [VRFC 10-311] analyzing module prgrom__blk_mem_gen_prim_width__parameterized10
INFO: [VRFC 10-311] analyzing module prgrom__blk_mem_gen_prim_width__parameterized11
INFO: [VRFC 10-311] analyzing module prgrom__blk_mem_gen_prim_width__parameterized12
INFO: [VRFC 10-311] analyzing module prgrom__blk_mem_gen_prim_width__parameterized13
INFO: [VRFC 10-311] analyzing module prgrom__blk_mem_gen_prim_width__parameterized2
INFO: [VRFC 10-311] analyzing module prgrom__blk_mem_gen_prim_width__parameterized3
INFO: [VRFC 10-311] analyzing module prgrom__blk_mem_gen_prim_width__parameterized4
INFO: [VRFC 10-311] analyzing module prgrom__blk_mem_gen_prim_width__parameterized5
INFO: [VRFC 10-311] analyzing module prgrom__blk_mem_gen_prim_width__parameterized6
INFO: [VRFC 10-311] analyzing module prgrom__blk_mem_gen_prim_width__parameterized7
INFO: [VRFC 10-311] analyzing module prgrom__blk_mem_gen_prim_width__parameterized8
INFO: [VRFC 10-311] analyzing module prgrom__blk_mem_gen_prim_width__parameterized9
INFO: [VRFC 10-311] analyzing module prgrom__blk_mem_gen_prim_wrapper_init
INFO: [VRFC 10-311] analyzing module prgrom__blk_mem_gen_prim_wrapper_init__parameterized0
INFO: [VRFC 10-311] analyzing module prgrom__blk_mem_gen_prim_wrapper_init__parameterized1
INFO: [VRFC 10-311] analyzing module prgrom__blk_mem_gen_prim_wrapper_init__parameterized10
INFO: [VRFC 10-311] analyzing module prgrom__blk_mem_gen_prim_wrapper_init__parameterized11
INFO: [VRFC 10-311] analyzing module prgrom__blk_mem_gen_prim_wrapper_init__parameterized12
INFO: [VRFC 10-311] analyzing module prgrom__blk_mem_gen_prim_wrapper_init__parameterized13
INFO: [VRFC 10-311] analyzing module prgrom__blk_mem_gen_prim_wrapper_init__parameterized2
INFO: [VRFC 10-311] analyzing module prgrom__blk_mem_gen_prim_wrapper_init__parameterized3
INFO: [VRFC 10-311] analyzing module prgrom__blk_mem_gen_prim_wrapper_init__parameterized4
INFO: [VRFC 10-311] analyzing module prgrom__blk_mem_gen_prim_wrapper_init__parameterized5
INFO: [VRFC 10-311] analyzing module prgrom__blk_mem_gen_prim_wrapper_init__parameterized6
INFO: [VRFC 10-311] analyzing module prgrom__blk_mem_gen_prim_wrapper_init__parameterized7
INFO: [VRFC 10-311] analyzing module prgrom__blk_mem_gen_prim_wrapper_init__parameterized8
INFO: [VRFC 10-311] analyzing module prgrom__blk_mem_gen_prim_wrapper_init__parameterized9
INFO: [VRFC 10-311] analyzing module prgrom__blk_mem_gen_top
INFO: [VRFC 10-311] analyzing module prgrom__blk_mem_gen_v8_4_1
INFO: [VRFC 10-311] analyzing module prgrom__blk_mem_gen_v8_4_1_synth
INFO: [VRFC 10-311] analyzing module glbl
INFO: [VRFC 10-2263] Analyzing Verilog file "P:/CS214-Computer-Organization/CS214-Computer-Organization-Project/verilog/verilog.srcs/sim_1/new/cpu_sim.v" into library xil_defaultlib
INFO: [VRFC 10-311] analyzing module cpu_sim
