#-----------------------------------------------------------
# Vivado v2017.4 (64-bit)
# SW Build 2086221 on Fri Dec 15 20:55:39 MST 2017
# IP Build 2085800 on Fri Dec 15 22:25:07 MST 2017
# Start of session at: Fri May 21 18:59:58 2021
# Process ID: 22788
# Current directory: E:/Gitrepo/CPU-project-of-Computer-Organization/project_2
# Command line: vivado.exe -gui_launcher_event rodinguilauncherevent10252 E:\Gitrepo\CPU-project-of-Computer-Organization\project_2\project_2.xpr
# Log file: E:/Gitrepo/CPU-project-of-Computer-Organization/project_2/vivado.log
# Journal file: E:/Gitrepo/CPU-project-of-Computer-Organization/project_2\vivado.jou
#-----------------------------------------------------------
start_gui
open_project E:/Gitrepo/CPU-project-of-Computer-Organization/project_2/project_2.xpr
Scanning sources...
Finished scanning sources
INFO: [IP_Flow 19-234] Refreshing IP repositories
INFO: [IP_Flow 19-1704] No user IP repositories specified
INFO: [IP_Flow 19-2313] Loaded Vivado IP repository 'E:/Xlinx/Vivado/2017.4/data/ip'.
open_project: Time (s): cpu = 00:00:22 ; elapsed = 00:00:09 . Memory (MB): peak = 778.832 ; gain = 77.539
update_compile_order -fileset sources_1
INFO: [Device 21-403] Loading part xc7a100tfgg484-1
WARNING: [IP_Flow 19-4067] Ignoring invalid widget type specified checkbox.Providing a default widget
WARNING: [IP_Flow 19-4067] Ignoring invalid widget type specified checkbox.Providing a default widget
set_property -dict [list CONFIG.Coe_File {E:/Gitrepo/CPU-project-of-Computer-Organization/project_2/project_2.srcs/sources_1/imports/Chrome Download/prgmip32_scene1.coe}] [get_ips prgrom]
INFO: [IP_Flow 19-3484] Absolute path of file 'e:/Gitrepo/CPU-project-of-Computer-Organization/project_2/project_2.srcs/sources_1/imports/Chrome Download/prgmip32_scene1.coe' provided. It will be converted relative to IP Instance files '../../imports/Chrome Download/prgmip32_scene1.coe'
generate_target all [get_files  E:/Gitrepo/CPU-project-of-Computer-Organization/project_2/project_2.srcs/sources_1/ip/prgrom/prgrom.xci]
INFO: [IP_Flow 19-1686] Generating 'Instantiation Template' target for IP 'prgrom'...
INFO: [IP_Flow 19-1686] Generating 'Synthesis' target for IP 'prgrom'...
INFO: [IP_Flow 19-1686] Generating 'Simulation' target for IP 'prgrom'...
INFO: [IP_Flow 19-1686] Generating 'Miscellaneous' target for IP 'prgrom'...
INFO: [IP_Flow 19-1686] Generating 'Change Log' target for IP 'prgrom'...
catch { config_ip_cache -export [get_ips -all prgrom] }
export_ip_user_files -of_objects [get_files E:/Gitrepo/CPU-project-of-Computer-Organization/project_2/project_2.srcs/sources_1/ip/prgrom/prgrom.xci] -no_script -sync -force -quiet
reset_run prgrom_synth_1
launch_runs -jobs 8 prgrom_synth_1
[Fri May 21 19:08:15 2021] Launched prgrom_synth_1...
Run output will be captured here: E:/Gitrepo/CPU-project-of-Computer-Organization/project_2/project_2.runs/prgrom_synth_1/runme.log
export_simulation -of_objects [get_files E:/Gitrepo/CPU-project-of-Computer-Organization/project_2/project_2.srcs/sources_1/ip/prgrom/prgrom.xci] -directory E:/Gitrepo/CPU-project-of-Computer-Organization/project_2/project_2.ip_user_files/sim_scripts -ip_user_files_dir E:/Gitrepo/CPU-project-of-Computer-Organization/project_2/project_2.ip_user_files -ipstatic_source_dir E:/Gitrepo/CPU-project-of-Computer-Organization/project_2/project_2.ip_user_files/ipstatic -lib_map_path [list {modelsim=E:/Gitrepo/CPU-project-of-Computer-Organization/project_2/project_2.cache/compile_simlib/modelsim} {questa=E:/Gitrepo/CPU-project-of-Computer-Organization/project_2/project_2.cache/compile_simlib/questa} {riviera=E:/Gitrepo/CPU-project-of-Computer-Organization/project_2/project_2.cache/compile_simlib/riviera} {activehdl=E:/Gitrepo/CPU-project-of-Computer-Organization/project_2/project_2.cache/compile_simlib/activehdl}] -use_ip_compiled_libs -force -quiet
reset_run synth_1
launch_runs impl_1 -to_step write_bitstream -jobs 8
[Fri May 21 19:11:15 2021] Launched synth_1...
Run output will be captured here: E:/Gitrepo/CPU-project-of-Computer-Organization/project_2/project_2.runs/synth_1/runme.log
[Fri May 21 19:11:15 2021] Launched impl_1...
Run output will be captured here: E:/Gitrepo/CPU-project-of-Computer-Organization/project_2/project_2.runs/impl_1/runme.log
open_hw
connect_hw_server
INFO: [Labtools 27-2285] Connecting to hw_server url TCP:localhost:3121
INFO: [Labtools 27-2222] Launching hw_server...
INFO: [Labtools 27-2221] Launch Output:

****** Xilinx hw_server v2017.4
  **** Build date : Dec 15 2017-21:08:27
    ** Copyright 1986-2017 Xilinx, Inc. All Rights Reserved.


connect_hw_server: Time (s): cpu = 00:00:01 ; elapsed = 00:00:05 . Memory (MB): peak = 1137.465 ; gain = 0.000
open_hw_target
INFO: [Labtoolstcl 44-466] Opening hw_target localhost:3121/xilinx_tcf/Xilinx/1234-tulA
set_property PROGRAM.FILE {E:/Gitrepo/CPU-project-of-Computer-Organization/project_2/project_2.runs/impl_1/cpu.bit} [get_hw_devices xc7a100t_0]
current_hw_device [get_hw_devices xc7a100t_0]
refresh_hw_device -update_hw_probes false [lindex [get_hw_devices xc7a100t_0] 0]
INFO: [Labtools 27-1435] Device xc7a100t (JTAG device index = 0) is not programmed (DONE status = 0).
set_property PROBES.FILE {} [get_hw_devices xc7a100t_0]
set_property FULL_PROBES.FILE {} [get_hw_devices xc7a100t_0]
set_property PROGRAM.FILE {E:/Gitrepo/CPU-project-of-Computer-Organization/project_2/project_2.runs/impl_1/cpu.bit} [get_hw_devices xc7a100t_0]
program_hw_devices [get_hw_devices xc7a100t_0]
INFO: [Labtools 27-3164] End of startup status: HIGH
refresh_hw_device [lindex [get_hw_devices xc7a100t_0] 0]
INFO: [Labtools 27-1434] Device xc7a100t (JTAG device index = 0) is programmed with a design that has no supported debug core(s) in it.
WARNING: [Labtools 27-3361] The debug hub core was not detected.
Resolution: 
1. Make sure the clock connected to the debug hub (dbg_hub) core is a free running clock and is active.
2. Make sure the BSCAN_SWITCH_USER_MASK device property in Vivado Hardware Manager reflects the user scan chain setting in the design and refresh the device.  To determine the user scan chain setting in the design, open the implemented design and use 'get_property C_USER_SCAN_CHAIN [get_debug_cores dbg_hub]'.
For more details on setting the scan chain property, consult the Vivado Debug and Programming User Guide (UG908).
