#-----------------------------------------------------------
# Vivado v2017.4 (64-bit)
# SW Build 2086221 on Fri Dec 15 20:55:39 MST 2017
# IP Build 2085800 on Fri Dec 15 22:25:07 MST 2017
# Start of session at: Tue May 23 22:56:07 2023
# Process ID: 5736
# Current directory: P:/CS214-Computer-Organization/CS214-Computer-Organization-Project/verilog
# Command line: vivado.exe -gui_launcher_event rodinguilauncherevent27964 P:\CS214-Computer-Organization\CS214-Computer-Organization-Project\verilog\verilog.xpr
# Log file: P:/CS214-Computer-Organization/CS214-Computer-Organization-Project/verilog/vivado.log
# Journal file: P:/CS214-Computer-Organization/CS214-Computer-Organization-Project/verilog\vivado.jou
#-----------------------------------------------------------
start_gui
open_project P:/CS214-Computer-Organization/CS214-Computer-Organization-Project/verilog/verilog.xpr
INFO: [Project 1-313] Project file moved from 'F:/Computer Organization/Project/CS214-Computer-Organization-Project/verilog' since last save.
CRITICAL WARNING: [Project 1-311] Could not find the file 'P:/CS214-Computer-Organization/CS214-Computer-Organization-Project/mips/test1/prgmip32.coe', nor could it be found using path 'F:/Computer Organization/Project/CS214-Computer-Organization-Project/mips/test1/prgmip32.coe'.
CRITICAL WARNING: [Project 1-311] Could not find the file 'P:/CS214-Computer-Organization/CS214-Computer-Organization-Project/mips/test1/dmem32.coe', nor could it be found using path 'F:/Computer Organization/Project/CS214-Computer-Organization-Project/mips/test1/dmem32.coe'.
CRITICAL WARNING: [Project 1-311] Could not find the file 'P:/CS214-Computer-Organization/CS214-Computer-Organization-Project/mips/test1/prgmip32_scene1.coe', nor could it be found using path 'F:/Computer Organization/Project/CS214-Computer-Organization-Project/mips/test1/prgmip32_scene1.coe'.
CRITICAL WARNING: [Project 1-311] Could not find the file 'P:/CS214-Computer-Organization/CS214-Computer-Organization-Project/mips/test1/dmem32_scene1.coe', nor could it be found using path 'F:/Computer Organization/Project/CS214-Computer-Organization-Project/mips/test1/dmem32_scene1.coe'.
CRITICAL WARNING: [Project 1-311] Could not find the file 'P:/CS214-Computer-Organization/CS214-Computer-Organization-Project/mips/Minisys1Assemblerv2.2/output/prgmip32.coe', nor could it be found using path 'F:/Computer Organization/Project/CS214-Computer-Organization-Project/mips/Minisys1Assemblerv2.2/output/prgmip32.coe'.
CRITICAL WARNING: [Project 1-311] Could not find the file 'P:/CS214-Computer-Organization/CS214-Computer-Organization-Project/mips/Minisys1Assemblerv2.2/output/dmem32.coe', nor could it be found using path 'F:/Computer Organization/Project/CS214-Computer-Organization-Project/mips/Minisys1Assemblerv2.2/output/dmem32.coe'.
Scanning sources...
Finished scanning sources
INFO: [IP_Flow 19-234] Refreshing IP repositories
INFO: [IP_Flow 19-1700] Loaded user IP repository 'p:/CS214-Computer-Organization/CS214-Computer-Organization-Project/verilog/SEU_CSE_507_user_uart_bmpg_1.3'.
INFO: [IP_Flow 19-2313] Loaded Vivado IP repository 'D:/Softwares/Vivado/Xilinx/Vivado/2017.4/data/ip'.
open_project: Time (s): cpu = 00:00:07 ; elapsed = 00:00:09 . Memory (MB): peak = 922.133 ; gain = 205.945
update_compile_order -fileset sources_1
export_ip_user_files -of_objects  [get_files P:/CS214-Computer-Organization/CS214-Computer-Organization-Project/mips/Minisys1Assemblerv2.2/output/dmem32.coe] -no_script -reset -force -quiet
export_ip_user_files -of_objects  [get_files P:/CS214-Computer-Organization/CS214-Computer-Organization-Project/mips/test1/dmem32.coe] -no_script -reset -force -quiet
export_ip_user_files -of_objects  [get_files P:/CS214-Computer-Organization/CS214-Computer-Organization-Project/mips/test1/dmem32_scene1.coe] -no_script -reset -force -quiet
export_ip_user_files -of_objects  [get_files P:/CS214-Computer-Organization/CS214-Computer-Organization-Project/mips/Minisys1Assemblerv2.2/output/prgmip32.coe] -no_script -reset -force -quiet
export_ip_user_files -of_objects  [get_files P:/CS214-Computer-Organization/CS214-Computer-Organization-Project/mips/test1/prgmip32.coe] -no_script -reset -force -quiet
remove_files  {P:/CS214-Computer-Organization/CS214-Computer-Organization-Project/mips/Minisys1Assemblerv2.2/output/dmem32.coe P:/CS214-Computer-Organization/CS214-Computer-Organization-Project/mips/test1/dmem32.coe P:/CS214-Computer-Organization/CS214-Computer-Organization-Project/mips/test1/dmem32_scene1.coe P:/CS214-Computer-Organization/CS214-Computer-Organization-Project/mips/Minisys1Assemblerv2.2/output/prgmip32.coe P:/CS214-Computer-Organization/CS214-Computer-Organization-Project/mips/test1/prgmip32.coe}
INFO: [Device 21-403] Loading part xc7a100tfgg484-1
WARNING: [IP_Flow 19-4067] Ignoring invalid widget type specified checkbox.Providing a default widget
WARNING: [IP_Flow 19-4067] Ignoring invalid widget type specified checkbox.Providing a default widget
WARNING: [IP_Flow 19-4067] Ignoring invalid widget type specified checkbox.Providing a default widget
WARNING: [IP_Flow 19-4067] Ignoring invalid widget type specified checkbox.Providing a default widget
exit
INFO: [Common 17-206] Exiting Vivado at Tue May 23 23:04:35 2023...
