Copyright 1986-2017 Xilinx, Inc. All Rights Reserved.
-------------------------------------------------------------------------------------------------------------------------------
| Tool Version     : Vivado v.2017.4 (win64) Build 2086221 Fri Dec 15 20:55:39 MST 2017
| Date             : Sat May 22 00:22:47 2021
| Host             : DESKTOP-413QC96 running 64-bit major release  (build 9200)
| Command          : report_power -file cpu_power_routed.rpt -pb cpu_power_summary_routed.pb -rpx cpu_power_routed.rpx
| Design           : cpu
| Device           : xc7a100tfgg484-1
| Design State     : routed
| Grade            : commercial
| Process          : typical
| Characterization : Production
-------------------------------------------------------------------------------------------------------------------------------

Power Report

Table of Contents
-----------------
1. Summary
1.1 On-Chip Components
1.2 Power Supply Summary
1.3 Confidence Level
2. Settings
2.1 Environment
2.2 Clock Constraints
3. Detailed Reports
3.1 By Hierarchy

1. Summary
----------

+--------------------------+----------------------------------+
| Total On-Chip Power (W)  | 62.488 (Junction temp exceeded!) |
| Design Power Budget (W)  | Unspecified*                     |
| Power Budget Margin (W)  | NA                               |
| Dynamic (W)              | 61.673                           |
| Device Static (W)        | 0.815                            |
| Effective TJA (C/W)      | 2.7                              |
| Max Ambient (C)          | 0.0                              |
| Junction Temperature (C) | 125.0                            |
| Confidence Level         | Low                              |
| Setting File             | ---                              |
| Simulation Activity File | ---                              |
| Design Nets Matched      | NA                               |
+--------------------------+----------------------------------+
* Specify Design Power Budget using, set_operating_conditions -design_power_budget <value in Watts>


1.1 On-Chip Components
----------------------

+----------------+-----------+----------+-----------+-----------------+
| On-Chip        | Power (W) | Used     | Available | Utilization (%) |
+----------------+-----------+----------+-----------+-----------------+
| Slice Logic    |    25.799 |     3638 |       --- |             --- |
|   LUT as Logic |    25.078 |     1771 |     63400 |            2.79 |
|   F7/F8 Muxes  |     0.424 |      307 |     63400 |            0.48 |
|   CARRY4       |     0.227 |       53 |     15850 |            0.33 |
|   Register     |     0.053 |     1219 |    126800 |            0.96 |
|   BUFG         |     0.017 |        3 |        32 |            9.38 |
|   Others       |     0.000 |       89 |       --- |             --- |
| Signals        |    34.229 |     3231 |       --- |             --- |
| Block RAM      |     1.286 |       29 |       135 |           21.48 |
| I/O            |     0.360 |       58 |       285 |           20.35 |
| Static Power   |     0.815 |          |           |                 |
| Total          |    62.488 |          |           |                 |
+----------------+-----------+----------+-----------+-----------------+


1.2 Power Supply Summary
------------------------

+-----------+-------------+-----------+-------------+------------+
| Source    | Voltage (V) | Total (A) | Dynamic (A) | Static (A) |
+-----------+-------------+-----------+-------------+------------+
| Vccint    |       1.000 |    61.891 |      61.319 |      0.572 |
| Vccaux    |       1.800 |     0.102 |       0.009 |      0.093 |
| Vcco33    |       3.300 |     0.073 |       0.069 |      0.004 |
| Vcco25    |       2.500 |     0.000 |       0.000 |      0.000 |
| Vcco18    |       1.800 |     0.000 |       0.000 |      0.000 |
| Vcco15    |       1.500 |     0.000 |       0.000 |      0.000 |
| Vcco135   |       1.350 |     0.000 |       0.000 |      0.000 |
| Vcco12    |       1.200 |     0.000 |       0.000 |      0.000 |
| Vccaux_io |       1.800 |     0.000 |       0.000 |      0.000 |
| Vccbram   |       1.000 |     0.137 |       0.110 |      0.027 |
| MGTAVcc   |       1.000 |     0.000 |       0.000 |      0.000 |
| MGTAVtt   |       1.200 |     0.000 |       0.000 |      0.000 |
| Vccadc    |       1.800 |     0.020 |       0.000 |      0.020 |
+-----------+-------------+-----------+-------------+------------+


1.3 Confidence Level
--------------------

+-----------------------------+------------+--------------------------------------------------------+--------------------------------------------------------------------------------------------------------------------+
| User Input Data             | Confidence | Details                                                | Action                                                                                                             |
+-----------------------------+------------+--------------------------------------------------------+--------------------------------------------------------------------------------------------------------------------+
| Design implementation state | High       | Design is routed                                       |                                                                                                                    |
| Clock nodes activity        | Low        | User specified less than 75% of clocks                 | Provide missing clock activity with a constraint file, simulation results or by editing the "By Clock Domain" view |
| I/O nodes activity          | Low        | More than 75% of inputs are missing user specification | Provide missing input activity with simulation results or by editing the "By Resource Type -> I/Os" view           |
| Internal nodes activity     | Medium     | User specified less than 25% of internal nodes         | Provide missing internal nodes activity with simulation results or by editing the "By Resource Type" views         |
| Device models               | High       | Device models are Production                           |                                                                                                                    |
|                             |            |                                                        |                                                                                                                    |
| Overall confidence level    | Low        |                                                        |                                                                                                                    |
+-----------------------------+------------+--------------------------------------------------------+--------------------------------------------------------------------------------------------------------------------+


2. Settings
-----------

2.1 Environment
---------------

+-----------------------+--------------------------+
| Ambient Temp (C)      | 25.0                     |
| ThetaJA (C/W)         | 2.7                      |
| Airflow (LFM)         | 250                      |
| Heat Sink             | medium (Medium Profile)  |
| ThetaSA (C/W)         | 4.6                      |
| Board Selection       | medium (10"x10")         |
| # of Board Layers     | 12to15 (12 to 15 Layers) |
| Board Temperature (C) | 25.0                     |
+-----------------------+--------------------------+


2.2 Clock Constraints
---------------------

+-------+--------+-----------------+
| Clock | Domain | Constraint (ns) |
+-------+--------+-----------------+


3. Detailed Reports
-------------------

3.1 By Hierarchy
----------------

+------------------------------------------------+-----------+
| Name                                           | Power (W) |
+------------------------------------------------+-----------+
| cpu                                            |    61.673 |
|   ff                                           |     0.404 |
|   idecode                                      |    19.693 |
|   ifetch                                       |    39.241 |
|     instmem                                    |     6.242 |
|       U0                                       |     6.242 |
|         inst_blk_mem_gen                       |     6.242 |
|           gnbram.gnativebmg.native_blk_mem_gen |     6.242 |
|             valid.cstr                         |     6.242 |
|               bindec_a.bindec_inst_a           |     0.039 |
|               has_mux_a.A                      |     4.707 |
|               ramloop[0].ram.r                 |     0.295 |
|                 prim_init.ram                  |     0.295 |
|               ramloop[10].ram.r                |     0.031 |
|                 prim_init.ram                  |     0.031 |
|               ramloop[11].ram.r                |     0.062 |
|                 prim_init.ram                  |     0.062 |
|               ramloop[12].ram.r                |     0.052 |
|                 prim_init.ram                  |     0.052 |
|               ramloop[13].ram.r                |     0.030 |
|                 prim_init.ram                  |     0.030 |
|               ramloop[14].ram.r                |     0.030 |
|                 prim_init.ram                  |     0.030 |
|               ramloop[1].ram.r                 |     0.463 |
|                 prim_init.ram                  |     0.463 |
|               ramloop[2].ram.r                 |     0.157 |
|                 prim_init.ram                  |     0.157 |
|               ramloop[3].ram.r                 |     0.054 |
|                 prim_init.ram                  |     0.054 |
|               ramloop[4].ram.r                 |     0.092 |
|                 prim_init.ram                  |     0.092 |
|               ramloop[5].ram.r                 |     0.051 |
|                 prim_init.ram                  |     0.051 |
|               ramloop[6].ram.r                 |     0.029 |
|                 prim_init.ram                  |     0.029 |
|               ramloop[7].ram.r                 |     0.060 |
|                 prim_init.ram                  |     0.060 |
|               ramloop[8].ram.r                 |     0.056 |
|                 prim_init.ram                  |     0.056 |
|               ramloop[9].ram.r                 |     0.033 |
|                 prim_init.ram                  |     0.033 |
|   ledoutput                                    |     0.002 |
|   memory                                       |     1.639 |
|     ram                                        |     1.639 |
|       U0                                       |     1.639 |
|         inst_blk_mem_gen                       |     1.639 |
|           gnbram.gnativebmg.native_blk_mem_gen |     1.639 |
|             valid.cstr                         |     1.639 |
|               bindec_a.bindec_inst_a           |     0.082 |
|               has_mux_a.A                      |     0.587 |
|               ramloop[0].ram.r                 |     0.065 |
|                 prim_init.ram                  |     0.065 |
|               ramloop[10].ram.r                |     0.044 |
|                 prim_init.ram                  |     0.044 |
|               ramloop[11].ram.r                |     0.048 |
|                 prim_init.ram                  |     0.048 |
|               ramloop[12].ram.r                |     0.050 |
|                 prim_init.ram                  |     0.050 |
|               ramloop[13].ram.r                |     0.042 |
|                 prim_init.ram                  |     0.042 |
|               ramloop[14].ram.r                |     0.041 |
|                 prim_init.ram                  |     0.041 |
|               ramloop[1].ram.r                 |     0.139 |
|                 prim_init.ram                  |     0.139 |
|               ramloop[2].ram.r                 |     0.136 |
|                 prim_init.ram                  |     0.136 |
|               ramloop[3].ram.r                 |     0.057 |
|                 prim_init.ram                  |     0.057 |
|               ramloop[4].ram.r                 |     0.079 |
|                 prim_init.ram                  |     0.079 |
|               ramloop[5].ram.r                 |     0.086 |
|                 prim_init.ram                  |     0.086 |
|               ramloop[6].ram.r                 |     0.044 |
|                 prim_init.ram                  |     0.044 |
|               ramloop[7].ram.r                 |     0.050 |
|                 prim_init.ram                  |     0.050 |
|               ramloop[8].ram.r                 |     0.041 |
|                 prim_init.ram                  |     0.041 |
|               ramloop[9].ram.r                 |     0.050 |
|                 prim_init.ram                  |     0.050 |
|   switchinput                                  |    <0.001 |
+------------------------------------------------+-----------+


