Copyright 1986-2017 Xilinx, Inc. All Rights Reserved.
------------------------------------------------------------------------------------
| Tool Version : Vivado v.2017.4 (win64) Build 2086221 Fri Dec 15 20:55:39 MST 2017
| Date         : Sat May 22 00:21:51 2021
| Host         : DESKTOP-413QC96 running 64-bit major release  (build 9200)
| Command      : report_control_sets -verbose -file cpu_control_sets_placed.rpt
| Design       : cpu
| Device       : xc7a100t
------------------------------------------------------------------------------------

Control Set Information

Table of Contents
-----------------
1. Summary
2. Flip-Flop Distribution
3. Detailed Control Set Information

1. Summary
----------

+----------------------------------------------------------+-------+
|                          Status                          | Count |
+----------------------------------------------------------+-------+
| Number of unique control sets                            |    47 |
| Unused register locations in slices containing registers |    45 |
+----------------------------------------------------------+-------+


2. Flip-Flop Distribution
-------------------------

+--------------+-----------------------+------------------------+-----------------+--------------+
| Clock Enable | Synchronous Set/Reset | Asynchronous Set/Reset | Total Registers | Total Slices |
+--------------+-----------------------+------------------------+-----------------+--------------+
| No           | No                    | No                     |              11 |            6 |
| No           | No                    | Yes                    |              64 |           24 |
| No           | Yes                   | No                     |              26 |           12 |
| Yes          | No                    | No                     |              34 |           10 |
| Yes          | No                    | Yes                    |            1076 |          537 |
| Yes          | Yes                   | No                     |               8 |            3 |
+--------------+-----------------------+------------------------+-----------------+--------------+


3. Detailed Control Set Information
-----------------------------------

+----------------------------+--------------------------------+--------------------+------------------+----------------+
|        Clock Signal        |          Enable Signal         |  Set/Reset Signal  | Slice Load Count | Bel Load Count |
+----------------------------+--------------------------------+--------------------+------------------+----------------+
|  ff/xlnx_opt_              |                                |                    |                1 |              2 |
| ~ff/xlnx_opt_              |                                |                    |                3 |              3 |
|  key_clk_BUFG              | row_val[3]_i_2_n_0             | row_val[3]_i_1_n_0 |                2 |              4 |
|  key_clk_BUFG              | col_val                        |                    |                2 |              4 |
|  key_clk_BUFG              | keybd_i_low[3]_i_1_n_0         | rst_IBUF           |                3 |              4 |
| ~ff/xlnx_opt_              | ifetch/PC[31]_i_1_n_0          | rst_IBUF           |                1 |              4 |
|  next_state_reg[5]_i_2_n_0 |                                |                    |                2 |              6 |
|  key_clk_BUFG              | col[3]_i_1_n_0                 | rst_IBUF           |                2 |              8 |
|  ff/xlnx_opt_              | ifetch/ledout_reg[23]_8[1]     | rst_IBUF           |                4 |              8 |
|  key_clk_BUFG              |                                | rst_IBUF           |                4 |             11 |
| ~ff/xlnx_opt_              | ifetch/switchrdata_reg[0]_1[0] | rst_IBUF           |                3 |             16 |
|  ff/xlnx_opt_              | ifetch/ledout_reg[23]_8[0]     | rst_IBUF           |                5 |             16 |
| ~ff/xlnx_opt_              |                                | rst_IBUF           |               12 |             26 |
| ~ff/xlnx_opt_              | ifetch/link_addr[29]_i_1_n_0   |                    |                8 |             30 |
|  ff/xlnx_opt_              | ifetch/register_reg[21][31][0] | rst_IBUF           |               15 |             32 |
|  ff/xlnx_opt_              | ifetch/register_reg[12][31][0] | rst_IBUF           |               11 |             32 |
|  ff/xlnx_opt_              | ifetch/register_reg[28][31][0] | rst_IBUF           |               18 |             32 |
|  ff/xlnx_opt_              | ifetch/register_reg[1][31][0]  | rst_IBUF           |                6 |             32 |
|  ff/xlnx_opt_              | ifetch/register_reg[10][31][0] | rst_IBUF           |               20 |             32 |
|  ff/xlnx_opt_              | ifetch/register_reg[18][31][0] | rst_IBUF           |               18 |             32 |
|  ff/xlnx_opt_              | ifetch/register_reg[26][31][0] | rst_IBUF           |               16 |             32 |
|  ff/xlnx_opt_              | ifetch/register_reg[25][31][0] | rst_IBUF           |               16 |             32 |
|  ff/xlnx_opt_              | ifetch/register_reg[11][31][0] | rst_IBUF           |               14 |             32 |
|  ff/xlnx_opt_              | ifetch/register_reg[27][31][0] | rst_IBUF           |               23 |             32 |
|  ff/xlnx_opt_              | ifetch/register_reg[15][31][0] | rst_IBUF           |               16 |             32 |
|  ff/xlnx_opt_              | ifetch/register_reg[16][31][0] | rst_IBUF           |               15 |             32 |
|  ff/xlnx_opt_              | ifetch/register_reg[19][31][0] | rst_IBUF           |               22 |             32 |
|  ff/xlnx_opt_              | ifetch/register_reg[24][31][0] | rst_IBUF           |               13 |             32 |
|  ff/xlnx_opt_              | ifetch/register_reg[31][31][0] | rst_IBUF           |               24 |             32 |
|  ff/xlnx_opt_              | ifetch/register_reg[22][31][0] | rst_IBUF           |               22 |             32 |
|  ff/xlnx_opt_              | ifetch/register_reg[17][31][0] | rst_IBUF           |               19 |             32 |
|  ff/xlnx_opt_              | ifetch/register_reg[30][31][0] | rst_IBUF           |               20 |             32 |
|  ff/xlnx_opt_              | ifetch/register_reg[29][31][0] | rst_IBUF           |               18 |             32 |
|  ff/xlnx_opt_              | ifetch/register_reg[14][31][0] | rst_IBUF           |               11 |             32 |
|  ff/xlnx_opt_              | ifetch/register_reg[23][31][0] | rst_IBUF           |               19 |             32 |
|  ff/xlnx_opt_              | ifetch/register_reg[4][31][0]  | rst_IBUF           |               15 |             32 |
|  ff/xlnx_opt_              | ifetch/register_reg[3][31][0]  | rst_IBUF           |                6 |             32 |
|  ff/xlnx_opt_              | ifetch/register_reg[9][31][0]  | rst_IBUF           |               25 |             32 |
|  ff/xlnx_opt_              | ifetch/register_reg[5][31][0]  | rst_IBUF           |               12 |             32 |
|  ff/xlnx_opt_              | ifetch/register_reg[8][31][0]  | rst_IBUF           |               19 |             32 |
|  ff/xlnx_opt_              | ifetch/register_reg[6][31][0]  | rst_IBUF           |               20 |             32 |
|  ff/xlnx_opt_              | ifetch/E[0]                    | rst_IBUF           |                8 |             32 |
|  ff/xlnx_opt_              | ifetch/register_reg[13][31][0] | rst_IBUF           |               13 |             32 |
|  ff/xlnx_opt_              | ifetch/register_reg[2][31][0]  | rst_IBUF           |               11 |             32 |
|  ff/xlnx_opt_              | ifetch/register_reg[20][31][0] | rst_IBUF           |               17 |             32 |
|  ff/xlnx_opt_              | ifetch/register_reg[7][31][0]  | rst_IBUF           |               18 |             32 |
|  clock_IBUF_BUFG           |                                | rst_IBUF           |               20 |             53 |
+----------------------------+--------------------------------+--------------------+------------------+----------------+


+--------+-----------------------+
| Fanout | Number of ControlSets |
+--------+-----------------------+
| 2      |                     1 |
| 3      |                     1 |
| 4      |                     4 |
| 6      |                     1 |
| 8      |                     2 |
| 11     |                     1 |
| 16+    |                    37 |
+--------+-----------------------+


